R 3.6.0
During startup - Warning messages:
1: Setting LC_CTYPE failed, using "C" 
2: Setting LC_COLLATE failed, using "C" 
3: Setting LC_TIME failed, using "C" 
4: Setting LC_MESSAGES failed, using "C" 
5: Setting LC_MONETARY failed, using "C" 
6: Setting LC_PAPER failed, using "C" 
7: Setting LC_MEASUREMENT failed, using "C" 
Number of WT modules that exhibit divergence: 2
Number of KO modules that exhibit divergence: 2
Number of WT modules that exhibit divergence: 2
Number of KO modules that exhibit divergence: 2
Number of WT modules that exhibit divergence: 2
Number of KO modules that exhibit divergence: 2
Number of WT modules that exhibit divergence: 2
Number of KO modules that exhibit divergence: 2
Number of WT modules that exhibit divergence: 2
Number of KO modules that exhibit divergence: 2
Number of WT modules that exhibit divergence: 2
Number of KO modules that exhibit divergence: 3
Number of WT modules that exhibit divergence: 2
Number of KO modules that exhibit divergence: 3
Number of WT modules that exhibit divergence: 2
Number of KO modules that exhibit divergence: 3
Number of WT modules that exhibit divergence: 2
Number of KO modules that exhibit divergence: 3
Number of WT modules that exhibit divergence: 2
Number of KO modules that exhibit divergence: 3
Number of WT modules that exhibit divergence: 2
Number of KO modules that exhibit divergence: 3
Number of WT modules that exhibit divergence: 3
Number of KO modules that exhibit divergence: 3
Number of WT modules that exhibit divergence: 3
Number of KO modules that exhibit divergence: 3
Number of WT modules that exhibit divergence: 3
Number of KO modules that exhibit divergence: 3
Number of WT modules that exhibit divergence: 5
Number of KO modules that exhibit divergence: 3
Number of WT modules that exhibit divergence: 4
Number of KO modules that exhibit divergence: 3
Number of WT modules that exhibit divergence: 4
Number of KO modules that exhibit divergence: 3
Number of WT modules that exhibit divergence: 5
Number of KO modules that exhibit divergence: 3
Number of WT modules that exhibit divergence: 5
Number of KO modules that exhibit divergence: 3
Number of WT modules that exhibit divergence: 5
Number of KO modules that exhibit divergence: 3
Number of WT modules that exhibit divergence: 5
Number of KO modules that exhibit divergence: 3
Number of WT modules that exhibit divergence: 4
Number of KO modules that exhibit divergence: 3
Number of WT modules that exhibit divergence: 4
Number of KO modules that exhibit divergence: 3
Number of WT modules that exhibit divergence: 5
Number of KO modules that exhibit divergence: 3
Number of WT modules that exhibit divergence: 5
Number of KO modules that exhibit divergence: 3
Number of WT modules that exhibit divergence: 6
Number of KO modules that exhibit divergence: 3
Number of WT modules that exhibit divergence: 4
Number of KO modules that exhibit divergence: 3
Number of WT modules that exhibit divergence: 5
Number of KO modules that exhibit divergence: 3
Number of WT modules that exhibit divergence: 6
Number of KO modules that exhibit divergence: 3
Number of WT modules that exhibit divergence: 7
Number of KO modules that exhibit divergence: 3
Number of WT modules that exhibit divergence: 4
Number of KO modules that exhibit divergence: 3
Number of WT modules that exhibit divergence: 7
Number of KO modules that exhibit divergence: 3
Number of WT modules that exhibit divergence: 6
Number of KO modules that exhibit divergence: 3
Number of WT modules that exhibit divergence: 5
Number of KO modules that exhibit divergence: 3
Number of WT modules that exhibit divergence: 5
Number of KO modules that exhibit divergence: 4
Number of WT modules that exhibit divergence: 5
Number of KO modules that exhibit divergence: 3
Number of WT modules that exhibit divergence: 6
Number of KO modules that exhibit divergence: 4
Number of WT modules that exhibit divergence: 8
Number of KO modules that exhibit divergence: 4
Number of WT modules that exhibit divergence: 5
Number of KO modules that exhibit divergence: 4
Number of WT modules that exhibit divergence: 7
Number of KO modules that exhibit divergence: 3
Number of WT modules that exhibit divergence: 7
Number of KO modules that exhibit divergence: 4
Number of WT modules that exhibit divergence: 5
Number of KO modules that exhibit divergence: 5
Number of WT modules that exhibit divergence: 9
Number of KO modules that exhibit divergence: 3
Number of WT modules that exhibit divergence: 8
Number of KO modules that exhibit divergence: 4
Number of WT modules that exhibit divergence: 6
Number of KO modules that exhibit divergence: 5
Number of WT modules that exhibit divergence: 9
Number of KO modules that exhibit divergence: 4
Number of WT modules that exhibit divergence: 8
Number of KO modules that exhibit divergence: 4
Number of WT modules that exhibit divergence: 6
Number of KO modules that exhibit divergence: 5
Number of WT modules that exhibit divergence: 8
Number of KO modules that exhibit divergence: 5
Number of WT modules that exhibit divergence: 10
Number of KO modules that exhibit divergence: 4
Number of WT modules that exhibit divergence: 9
Number of KO modules that exhibit divergence: 5
Number of WT modules that exhibit divergence: 9
Number of KO modules that exhibit divergence: 6
Number of WT modules that exhibit divergence: 9
Number of KO modules that exhibit divergence: 7
Number of WT modules that exhibit divergence: 9
Number of KO modules that exhibit divergence: 6
Number of WT modules that exhibit divergence: 9
Number of KO modules that exhibit divergence: 7
Number of WT modules that exhibit divergence: 9
Number of KO modules that exhibit divergence: 7
Number of WT modules that exhibit divergence: 10
Number of KO modules that exhibit divergence: 6
Number of WT modules that exhibit divergence: 14
Number of KO modules that exhibit divergence: 7
Number of WT modules that exhibit divergence: 8
Number of KO modules that exhibit divergence: 9
Number of WT modules that exhibit divergence: 10
Number of KO modules that exhibit divergence: 8
Number of WT modules that exhibit divergence: 10
Number of KO modules that exhibit divergence: 7
Number of WT modules that exhibit divergence: 13
Number of KO modules that exhibit divergence: 9
Number of WT modules that exhibit divergence: 13
Number of KO modules that exhibit divergence: 9
Number of WT modules that exhibit divergence: 14
Number of KO modules that exhibit divergence: 9
Number of WT modules that exhibit divergence: 11
Number of KO modules that exhibit divergence: 10
Number of WT modules that exhibit divergence: 14
Number of KO modules that exhibit divergence: 14
Number of WT modules that exhibit divergence: 13
Number of KO modules that exhibit divergence: 10
Number of WT modules that exhibit divergence: 14
Number of KO modules that exhibit divergence: 11
Number of WT modules that exhibit divergence: 13
Number of KO modules that exhibit divergence: 12
Number of WT modules that exhibit divergence: 15
Number of KO modules that exhibit divergence: 12
Number of WT modules that exhibit divergence: 13
Number of KO modules that exhibit divergence: 9
Number of WT modules that exhibit divergence: 16
Number of KO modules that exhibit divergence: 12
Number of WT modules that exhibit divergence: 15
Number of KO modules that exhibit divergence: 14
Number of WT modules that exhibit divergence: 13
Number of KO modules that exhibit divergence: 15
Number of WT modules that exhibit divergence: 14
Number of KO modules that exhibit divergence: 16
Number of WT modules that exhibit divergence: 16
Number of KO modules that exhibit divergence: 16
Number of WT modules that exhibit divergence: 19
Number of KO modules that exhibit divergence: 13
Number of WT modules that exhibit divergence: 18
Number of KO modules that exhibit divergence: 17
Number of WT modules that exhibit divergence: 19
Number of KO modules that exhibit divergence: 17
Number of WT modules that exhibit divergence: 22
Number of KO modules that exhibit divergence: 18
Number of WT modules that exhibit divergence: 20
Number of KO modules that exhibit divergence: 21
Number of WT modules that exhibit divergence: 20
Number of KO modules that exhibit divergence: 19
Number of WT modules that exhibit divergence: 19
Number of KO modules that exhibit divergence: 16
Number of WT modules that exhibit divergence: 20
Number of KO modules that exhibit divergence: 20
Number of WT modules that exhibit divergence: 23
Number of KO modules that exhibit divergence: 18
Number of WT modules that exhibit divergence: 24
Number of KO modules that exhibit divergence: 19
Number of WT modules that exhibit divergence: 21
Number of KO modules that exhibit divergence: 21
Number of WT modules that exhibit divergence: 23
Number of KO modules that exhibit divergence: 25
Number of WT modules that exhibit divergence: 22
Number of KO modules that exhibit divergence: 20
Number of WT modules that exhibit divergence: 25
Number of KO modules that exhibit divergence: 21
Number of WT modules that exhibit divergence: 24
Number of KO modules that exhibit divergence: 22
Number of WT modules that exhibit divergence: 24
Number of KO modules that exhibit divergence: 23
Number of WT modules that exhibit divergence: 28
Number of KO modules that exhibit divergence: 22
Number of WT modules that exhibit divergence: 28
Number of KO modules that exhibit divergence: 27
Number of WT modules that exhibit divergence: 27
Number of KO modules that exhibit divergence: 22
Number of WT modules that exhibit divergence: 30
Number of KO modules that exhibit divergence: 23
Number of WT modules that exhibit divergence: 27
Number of KO modules that exhibit divergence: 26
Number of WT modules that exhibit divergence: 33
Number of KO modules that exhibit divergence: 24
Number of WT modules that exhibit divergence: 31
Number of KO modules that exhibit divergence: 22
Number of WT modules that exhibit divergence: 33
Number of KO modules that exhibit divergence: 24
